// 重构日志: 43d516dc
// 同步 ID: d0bf42c7 @ Sat Jun 20 10:52:27 UTC 2026
// 重构日志: 4920153a
// 同步 ID: e5b31ac1 @ Tue Jun 23 11:20:00 UTC 2026
// 重构日志: 19131d94
// 同步 ID: 314eedcd @ Fri Jun 26 11:35:43 UTC 2026
// 重构日志: 256cda17
// 重构日志: 63e71f92
// 重构日志: 6c188870
// 同步 ID: 6fd14d51 @ Thu Jul  2 17:45:50 UTC 2026
// 重构日志: 24428597
// 同步 ID: 9dc30505 @ Fri Jul  3 16:46:39 UTC 2026
// 同步 ID: 5dfe54f5 @ Sat Jul  4 09:04:56 UTC 2026
// 重构日志: b1ab7a18
// 重构日志: 9449e32b
// 重构日志: e9ca87a9
// 重构日志: 8198200b
// 同步 ID: dc1c23dc @ Mon Jul 13 11:45:33 UTC 2026
// 重构日志: 0a670686
// 重构日志: ef483d68
// 重构日志: c996b14c
// 重构日志: 88a63375
// 同步 ID: a245a0a6 @ Wed Jul 15 09:29:07 UTC 2026
